{"F:\\code\\demo\\npm\\ntbl-utils\\addMethod.js": {"path":"F:\\code\\demo\\npm\\ntbl-utils\\addMethod.js","statementMap":{"0":{"start":{"line":32,"column":14},"end":{"line":32,"column":23}},"1":{"start":{"line":33,"column":2},"end":{"line":37,"column":3}},"2":{"start":{"line":34,"column":5},"end":{"line":36,"column":23}}},"fnMap":{"0":{"name":"(anonymous_0)","decl":{"start":{"line":31,"column":15},"end":{"line":31,"column":16}},"loc":{"start":{"line":31,"column":34},"end":{"line":38,"column":1}},"line":31},"1":{"name":"(anonymous_1)","decl":{"start":{"line":33,"column":14},"end":{"line":33,"column":15}},"loc":{"start":{"line":33,"column":33},"end":{"line":37,"column":3}},"line":33}},"branchMap":{"0":{"loc":{"start":{"line":34,"column":14},"end":{"line":36,"column":23}},"type":"cond-expr","locations":[{"start":{"line":34,"column":42},"end":{"line":34,"column":62}},{"start":{"line":35,"column":14},"end":{"line":36,"column":23}}],"line":34},"1":{"loc":{"start":{"line":35,"column":14},"end":{"line":36,"column":23}},"type":"cond-expr","locations":[{"start":{"line":35,"column":42},"end":{"line":35,"column":63}},{"start":{"line":36,"column":14},"end":{"line":36,"column":23}}],"line":35}},"s":{"0":2,"1":2,"2":5},"f":{"0":2,"1":5},"b":{"0":[2,3],"1":[2,1]},"_coverageSchema":"43e27e138ebf9cfc5966b082cf9a028302ed4184","hash":"9b2bb5a033354e609396ec5d2e532218d21d330d"}
,"F:\\code\\demo\\npm\\ntbl-utils\\agent.js": {"path":"F:\\code\\demo\\npm\\ntbl-utils\\agent.js","statementMap":{"0":{"start":{"line":12,"column":2},"end":{"line":12,"column":39}},"1":{"start":{"line":12,"column":13},"end":{"line":12,"column":39}},"2":{"start":{"line":13,"column":2},"end":{"line":30,"column":4}},"3":{"start":{"line":14,"column":4},"end":{"line":29,"column":5}},"4":{"start":{"line":15,"column":20},"end":{"line":15,"column":32}},"5":{"start":{"line":16,"column":6},"end":{"line":18,"column":7}},"6":{"start":{"line":17,"column":8},"end":{"line":17,"column":48}},"7":{"start":{"line":19,"column":8},"end":{"line":27,"column":10}},"8":{"start":{"line":21,"column":12},"end":{"line":21,"column":31}},"9":{"start":{"line":25,"column":12},"end":{"line":25,"column":32}}},"fnMap":{"0":{"name":"(anonymous_0)","decl":{"start":{"line":11,"column":15},"end":{"line":11,"column":16}},"loc":{"start":{"line":11,"column":41},"end":{"line":31,"column":1}},"line":11},"1":{"name":"(anonymous_1)","decl":{"start":{"line":13,"column":15},"end":{"line":13,"column":16}},"loc":{"start":{"line":13,"column":23},"end":{"line":30,"column":3}},"line":13},"2":{"name":"(anonymous_2)","decl":{"start":{"line":20,"column":10},"end":{"line":20,"column":11}},"loc":{"start":{"line":20,"column":17},"end":{"line":22,"column":11}},"line":20},"3":{"name":"(anonymous_3)","decl":{"start":{"line":24,"column":10},"end":{"line":24,"column":11}},"loc":{"start":{"line":24,"column":21},"end":{"line":26,"column":11}},"line":24}},"branchMap":{"0":{"loc":{"start":{"line":12,"column":2},"end":{"line":12,"column":39}},"type":"if","locations":[{"start":{"line":12,"column":2},"end":{"line":12,"column":39}},{"start":{"line":12,"column":2},"end":{"line":12,"column":39}}],"line":12},"1":{"loc":{"start":{"line":14,"column":4},"end":{"line":29,"column":5}},"type":"if","locations":[{"start":{"line":14,"column":4},"end":{"line":29,"column":5}},{"start":{"line":14,"column":4},"end":{"line":29,"column":5}}],"line":14},"2":{"loc":{"start":{"line":16,"column":6},"end":{"line":18,"column":7}},"type":"if","locations":[{"start":{"line":16,"column":6},"end":{"line":18,"column":7}},{"start":{"line":16,"column":6},"end":{"line":18,"column":7}}],"line":16}},"s":{"0":2,"1":1,"2":2,"3":6,"4":5,"5":5,"6":3,"7":5,"8":5,"9":3},"f":{"0":2,"1":6,"2":5,"3":3},"b":{"0":[1,1],"1":[5,1],"2":[3,2]},"_coverageSchema":"43e27e138ebf9cfc5966b082cf9a028302ed4184","hash":"02ac0aa37946d1032768f7a14406668b4d79c7c8"}
,"F:\\code\\demo\\npm\\ntbl-utils\\arrays.js": {"path":"F:\\code\\demo\\npm\\ntbl-utils\\arrays.js","statementMap":{},"fnMap":{},"branchMap":{},"s":{},"f":{},"b":{},"_coverageSchema":"43e27e138ebf9cfc5966b082cf9a028302ed4184","hash":"dc4d564a8a684da3deb3bd93d10ab8812faae4fc"}
,"F:\\code\\demo\\npm\\ntbl-utils\\camelCase.js": {"path":"F:\\code\\demo\\npm\\ntbl-utils\\camelCase.js","statementMap":{"0":{"start":{"line":1,"column":29},"end":{"line":1,"column":47}},"1":{"start":{"line":11,"column":2},"end":{"line":13,"column":13}},"2":{"start":{"line":11,"column":78},"end":{"line":13,"column":12}}},"fnMap":{"0":{"name":"camelCase","decl":{"start":{"line":10,"column":9},"end":{"line":10,"column":18}},"loc":{"start":{"line":10,"column":25},"end":{"line":14,"column":1}},"line":10},"1":{"name":"(anonymous_1)","decl":{"start":{"line":11,"column":44},"end":{"line":11,"column":45}},"loc":{"start":{"line":11,"column":78},"end":{"line":13,"column":12}},"line":11}},"branchMap":{"0":{"loc":{"start":{"line":11,"column":78},"end":{"line":13,"column":12}},"type":"cond-expr","locations":[{"start":{"line":12,"column":6},"end":{"line":12,"column":26}},{"start":{"line":13,"column":6},"end":{"line":13,"column":12}}],"line":11}},"s":{"0":1,"1":4,"2":4},"f":{"0":4,"1":4},"b":{"0":[4,0]},"_coverageSchema":"43e27e138ebf9cfc5966b082cf9a028302ed4184","hash":"f02cd0a902adbc37b67a098826977615eaccd828"}
,"F:\\code\\demo\\npm\\ntbl-utils\\chunk.js": {"path":"F:\\code\\demo\\npm\\ntbl-utils\\chunk.js","statementMap":{"0":{"start":{"line":15,"column":17},"end":{"line":15,"column":45}},"1":{"start":{"line":16,"column":2},"end":{"line":16,"column":36}},"2":{"start":{"line":16,"column":27},"end":{"line":16,"column":36}},"3":{"start":{"line":18,"column":14},"end":{"line":18,"column":15}},"4":{"start":{"line":19,"column":15},"end":{"line":19,"column":17}},"5":{"start":{"line":20,"column":2},"end":{"line":22,"column":3}},"6":{"start":{"line":21,"column":4},"end":{"line":21,"column":58}},"7":{"start":{"line":24,"column":2},"end":{"line":24,"column":15}}},"fnMap":{"0":{"name":"(anonymous_0)","decl":{"start":{"line":14,"column":15},"end":{"line":14,"column":16}},"loc":{"start":{"line":14,"column":30},"end":{"line":25,"column":1}},"line":14}},"branchMap":{"0":{"loc":{"start":{"line":15,"column":17},"end":{"line":15,"column":45}},"type":"cond-expr","locations":[{"start":{"line":15,"column":31},"end":{"line":15,"column":32}},{"start":{"line":15,"column":35},"end":{"line":15,"column":45}}],"line":15},"1":{"loc":{"start":{"line":16,"column":2},"end":{"line":16,"column":36}},"type":"if","locations":[{"start":{"line":16,"column":2},"end":{"line":16,"column":36}},{"start":{"line":16,"column":2},"end":{"line":16,"column":36}}],"line":16},"2":{"loc":{"start":{"line":16,"column":6},"end":{"line":16,"column":25}},"type":"binary-expr","locations":[{"start":{"line":16,"column":6},"end":{"line":16,"column":13}},{"start":{"line":16,"column":17},"end":{"line":16,"column":25}}],"line":16}},"s":{"0":2,"1":2,"2":1,"3":1,"4":1,"5":1,"6":2,"7":1},"f":{"0":2},"b":{"0":[1,1],"1":[1,1],"2":[2,1]},"_coverageSchema":"43e27e138ebf9cfc5966b082cf9a028302ed4184","hash":"7923a25f9325b2a251c4a076d0e8cf2a31836e7b"}
,"F:\\code\\demo\\npm\\ntbl-utils\\combine.js": {"path":"F:\\code\\demo\\npm\\ntbl-utils\\combine.js","statementMap":{"0":{"start":{"line":11,"column":30},"end":{"line":11,"column":50}}},"fnMap":{"0":{"name":"(anonymous_0)","decl":{"start":{"line":11,"column":15},"end":{"line":11,"column":16}},"loc":{"start":{"line":11,"column":30},"end":{"line":11,"column":50}},"line":11}},"branchMap":{},"s":{"0":4},"f":{"0":4},"b":{},"_coverageSchema":"43e27e138ebf9cfc5966b082cf9a028302ed4184","hash":"a223149d9932ecd3e3746fb2bd09f5e93862b391"}
,"F:\\code\\demo\\npm\\ntbl-utils\\compact.js": {"path":"F:\\code\\demo\\npm\\ntbl-utils\\compact.js","statementMap":{"0":{"start":{"line":11,"column":22},"end":{"line":11,"column":41}}},"fnMap":{"0":{"name":"(anonymous_0)","decl":{"start":{"line":11,"column":15},"end":{"line":11,"column":16}},"loc":{"start":{"line":11,"column":22},"end":{"line":11,"column":41}},"line":11}},"branchMap":{},"s":{"0":1},"f":{"0":1},"b":{},"_coverageSchema":"43e27e138ebf9cfc5966b082cf9a028302ed4184","hash":"07a6b3c62ca8e6121c3db1e4ed5f75bc819b6eb9"}
,"F:\\code\\demo\\npm\\ntbl-utils\\compose.js": {"path":"F:\\code\\demo\\npm\\ntbl-utils\\compose.js","statementMap":{"0":{"start":{"line":12,"column":30},"end":{"line":12,"column":74}},"1":{"start":{"line":12,"column":39},"end":{"line":12,"column":74}},"2":{"start":{"line":12,"column":62},"end":{"line":12,"column":66}}},"fnMap":{"0":{"name":"(anonymous_0)","decl":{"start":{"line":12,"column":15},"end":{"line":12,"column":16}},"loc":{"start":{"line":12,"column":30},"end":{"line":12,"column":74}},"line":12},"1":{"name":"(anonymous_1)","decl":{"start":{"line":12,"column":30},"end":{"line":12,"column":31}},"loc":{"start":{"line":12,"column":39},"end":{"line":12,"column":74}},"line":12},"2":{"name":"(anonymous_2)","decl":{"start":{"line":12,"column":52},"end":{"line":12,"column":53}},"loc":{"start":{"line":12,"column":62},"end":{"line":12,"column":66}},"line":12}},"branchMap":{},"s":{"0":1,"1":1,"2":2},"f":{"0":1,"1":1,"2":2},"b":{},"_coverageSchema":"43e27e138ebf9cfc5966b082cf9a028302ed4184","hash":"f3e119364a224c9bce20cb08652bd7eafaab6cf6"}
,"F:\\code\\demo\\npm\\ntbl-utils\\curry.js": {"path":"F:\\code\\demo\\npm\\ntbl-utils\\curry.js","statementMap":{"0":{"start":{"line":14,"column":18},"end":{"line":14,"column":27}},"1":{"start":{"line":15,"column":20},"end":{"line":16,"column":82}},"2":{"start":{"line":16,"column":8},"end":{"line":16,"column":82}},"3":{"start":{"line":16,"column":43},"end":{"line":16,"column":68}},"4":{"start":{"line":17,"column":4},"end":{"line":17,"column":18}}},"fnMap":{"0":{"name":"(anonymous_0)","decl":{"start":{"line":13,"column":15},"end":{"line":13,"column":16}},"loc":{"start":{"line":13,"column":21},"end":{"line":18,"column":1}},"line":13},"1":{"name":"(anonymous_1)","decl":{"start":{"line":15,"column":20},"end":{"line":15,"column":21}},"loc":{"start":{"line":16,"column":8},"end":{"line":16,"column":82}},"line":16},"2":{"name":"(anonymous_2)","decl":{"start":{"line":16,"column":30},"end":{"line":16,"column":31}},"loc":{"start":{"line":16,"column":43},"end":{"line":16,"column":68}},"line":16}},"branchMap":{"0":{"loc":{"start":{"line":16,"column":8},"end":{"line":16,"column":82}},"type":"cond-expr","locations":[{"start":{"line":16,"column":30},"end":{"line":16,"column":68}},{"start":{"line":16,"column":71},"end":{"line":16,"column":82}}],"line":16}},"s":{"0":3,"1":3,"2":6,"3":3,"4":3},"f":{"0":3,"1":6,"2":3},"b":{"0":[3,3]},"_coverageSchema":"43e27e138ebf9cfc5966b082cf9a028302ed4184","hash":"94e623fea5e661a860047a8a0fc4904857719fd1"}
,"F:\\code\\demo\\npm\\ntbl-utils\\defaults.js": {"path":"F:\\code\\demo\\npm\\ntbl-utils\\defaults.js","statementMap":{"0":{"start":{"line":14,"column":2},"end":{"line":17,"column":3}},"1":{"start":{"line":15,"column":4},"end":{"line":16,"column":31}},"2":{"start":{"line":16,"column":6},"end":{"line":16,"column":31}},"3":{"start":{"line":19,"column":2},"end":{"line":19,"column":15}}},"fnMap":{"0":{"name":"(anonymous_0)","decl":{"start":{"line":13,"column":15},"end":{"line":13,"column":16}},"loc":{"start":{"line":13,"column":35},"end":{"line":20,"column":1}},"line":13}},"branchMap":{"0":{"loc":{"start":{"line":15,"column":4},"end":{"line":16,"column":31}},"type":"if","locations":[{"start":{"line":15,"column":4},"end":{"line":16,"column":31}},{"start":{"line":15,"column":4},"end":{"line":16,"column":31}}],"line":15},"1":{"loc":{"start":{"line":15,"column":8},"end":{"line":15,"column":63}},"type":"binary-expr","locations":[{"start":{"line":15,"column":8},"end":{"line":15,"column":33}},{"start":{"line":15,"column":37},"end":{"line":15,"column":63}}],"line":15}},"s":{"0":1,"1":2,"2":1,"3":1},"f":{"0":1},"b":{"0":[1,1],"1":[2,1]},"_coverageSchema":"43e27e138ebf9cfc5966b082cf9a028302ed4184","hash":"09ee78003fa1ba384a344a51bf819b5071d5beb4"}
,"F:\\code\\demo\\npm\\ntbl-utils\\difference.js": {"path":"F:\\code\\demo\\npm\\ntbl-utils\\difference.js","statementMap":{"0":{"start":{"line":18,"column":35},"end":{"line":18,"column":104}},"1":{"start":{"line":18,"column":52},"end":{"line":18,"column":103}},"2":{"start":{"line":18,"column":88},"end":{"line":18,"column":102}}},"fnMap":{"0":{"name":"(anonymous_0)","decl":{"start":{"line":18,"column":15},"end":{"line":18,"column":16}},"loc":{"start":{"line":18,"column":35},"end":{"line":18,"column":104}},"line":18},"1":{"name":"(anonymous_1)","decl":{"start":{"line":18,"column":46},"end":{"line":18,"column":47}},"loc":{"start":{"line":18,"column":52},"end":{"line":18,"column":103}},"line":18},"2":{"name":"(anonymous_2)","decl":{"start":{"line":18,"column":77},"end":{"line":18,"column":78}},"loc":{"start":{"line":18,"column":88},"end":{"line":18,"column":102}},"line":18}},"branchMap":{},"s":{"0":1,"1":3,"2":6},"f":{"0":1,"1":3,"2":6},"b":{},"_coverageSchema":"43e27e138ebf9cfc5966b082cf9a028302ed4184","hash":"6f522cf4cc858e48e68ed6b15418a1dc9ad9e4e3"}
,"F:\\code\\demo\\npm\\ntbl-utils\\functions.js": {"path":"F:\\code\\demo\\npm\\ntbl-utils\\functions.js","statementMap":{},"fnMap":{},"branchMap":{},"s":{},"f":{},"b":{},"_coverageSchema":"43e27e138ebf9cfc5966b082cf9a028302ed4184","hash":"fcb5b7bf9aaf93541c6efabe2ffeb4088d119c15"}
,"F:\\code\\demo\\npm\\ntbl-utils\\intersection.js": {"path":"F:\\code\\demo\\npm\\ntbl-utils\\intersection.js","statementMap":{"0":{"start":{"line":17,"column":30},"end":{"line":17,"column":115}},"1":{"start":{"line":17,"column":64},"end":{"line":17,"column":114}},"2":{"start":{"line":17,"column":84},"end":{"line":17,"column":113}},"3":{"start":{"line":17,"column":99},"end":{"line":17,"column":112}}},"fnMap":{"0":{"name":"(anonymous_0)","decl":{"start":{"line":17,"column":15},"end":{"line":17,"column":16}},"loc":{"start":{"line":17,"column":30},"end":{"line":17,"column":115}},"line":17},"1":{"name":"(anonymous_1)","decl":{"start":{"line":17,"column":54},"end":{"line":17,"column":55}},"loc":{"start":{"line":17,"column":64},"end":{"line":17,"column":114}},"line":17},"2":{"name":"(anonymous_2)","decl":{"start":{"line":17,"column":77},"end":{"line":17,"column":78}},"loc":{"start":{"line":17,"column":84},"end":{"line":17,"column":113}},"line":17},"3":{"name":"(anonymous_3)","decl":{"start":{"line":17,"column":93},"end":{"line":17,"column":94}},"loc":{"start":{"line":17,"column":99},"end":{"line":17,"column":112}},"line":17}},"branchMap":{},"s":{"0":1,"1":4,"2":7,"3":15},"f":{"0":1,"1":4,"2":7,"3":15},"b":{},"_coverageSchema":"43e27e138ebf9cfc5966b082cf9a028302ed4184","hash":"8ff8e7df1e0bdd93552ba47557e1772cbf1446ac"}
,"F:\\code\\demo\\npm\\ntbl-utils\\merge.js": {"path":"F:\\code\\demo\\npm\\ntbl-utils\\merge.js","statementMap":{"0":{"start":{"line":11,"column":11},"end":{"line":11,"column":47}},"1":{"start":{"line":12,"column":2},"end":{"line":15,"column":12}},"2":{"start":{"line":13,"column":4},"end":{"line":13,"column":52}},"3":{"start":{"line":13,"column":29},"end":{"line":13,"column":52}},"4":{"start":{"line":14,"column":4},"end":{"line":14,"column":14}},"5":{"start":{"line":19,"column":2},"end":{"line":21,"column":4}},"6":{"start":{"line":20,"column":4},"end":{"line":20,"column":28}},"7":{"start":{"line":25,"column":11},"end":{"line":25,"column":22}},"8":{"start":{"line":26,"column":2},"end":{"line":32,"column":3}},"9":{"start":{"line":27,"column":4},"end":{"line":27,"column":72}},"10":{"start":{"line":27,"column":32},"end":{"line":27,"column":72}},"11":{"start":{"line":29,"column":6},"end":{"line":29,"column":30}},"12":{"start":{"line":30,"column":9},"end":{"line":32,"column":3}},"13":{"start":{"line":31,"column":4},"end":{"line":31,"column":17}},"14":{"start":{"line":36,"column":2},"end":{"line":36,"column":62}}},"fnMap":{"0":{"name":"(anonymous_0)","decl":{"start":{"line":10,"column":15},"end":{"line":10,"column":16}},"loc":{"start":{"line":10,"column":57},"end":{"line":16,"column":1}},"line":10},"1":{"name":"(anonymous_1)","decl":{"start":{"line":12,"column":13},"end":{"line":12,"column":14}},"loc":{"start":{"line":12,"column":30},"end":{"line":15,"column":3}},"line":12},"2":{"name":"exhaustion","decl":{"start":{"line":18,"column":9},"end":{"line":18,"column":19}},"loc":{"start":{"line":18,"column":33},"end":{"line":22,"column":1}},"line":18},"3":{"name":"(anonymous_3)","decl":{"start":{"line":19,"column":30},"end":{"line":19,"column":31}},"loc":{"start":{"line":19,"column":37},"end":{"line":21,"column":3}},"line":19},"4":{"name":"usable","decl":{"start":{"line":24,"column":9},"end":{"line":24,"column":15}},"loc":{"start":{"line":24,"column":34},"end":{"line":33,"column":1}},"line":24},"5":{"name":"isEffective","decl":{"start":{"line":35,"column":9},"end":{"line":35,"column":20}},"loc":{"start":{"line":35,"column":25},"end":{"line":37,"column":1}},"line":35}},"branchMap":{"0":{"loc":{"start":{"line":10,"column":16},"end":{"line":10,"column":33}},"type":"default-arg","locations":[{"start":{"line":10,"column":28},"end":{"line":10,"column":33}}],"line":10},"1":{"loc":{"start":{"line":11,"column":11},"end":{"line":11,"column":47}},"type":"cond-expr","locations":[{"start":{"line":11,"column":23},"end":{"line":11,"column":36}},{"start":{"line":11,"column":39},"end":{"line":11,"column":47}}],"line":11},"2":{"loc":{"start":{"line":13,"column":4},"end":{"line":13,"column":52}},"type":"if","locations":[{"start":{"line":13,"column":4},"end":{"line":13,"column":52}},{"start":{"line":13,"column":4},"end":{"line":13,"column":52}}],"line":13},"3":{"loc":{"start":{"line":26,"column":2},"end":{"line":32,"column":3}},"type":"if","locations":[{"start":{"line":26,"column":2},"end":{"line":32,"column":3}},{"start":{"line":26,"column":2},"end":{"line":32,"column":3}}],"line":26},"4":{"loc":{"start":{"line":27,"column":4},"end":{"line":27,"column":72}},"type":"if","locations":[{"start":{"line":27,"column":4},"end":{"line":27,"column":72}},{"start":{"line":27,"column":4},"end":{"line":27,"column":72}}],"line":27},"5":{"loc":{"start":{"line":27,"column":43},"end":{"line":27,"column":72}},"type":"cond-expr","locations":[{"start":{"line":27,"column":65},"end":{"line":27,"column":67}},{"start":{"line":27,"column":70},"end":{"line":27,"column":72}}],"line":27},"6":{"loc":{"start":{"line":30,"column":9},"end":{"line":32,"column":3}},"type":"if","locations":[{"start":{"line":30,"column":9},"end":{"line":32,"column":3}},{"start":{"line":30,"column":9},"end":{"line":32,"column":3}}],"line":30},"7":{"loc":{"start":{"line":30,"column":13},"end":{"line":30,"column":54}},"type":"binary-expr","locations":[{"start":{"line":30,"column":13},"end":{"line":30,"column":29}},{"start":{"line":30,"column":33},"end":{"line":30,"column":54}}],"line":30},"8":{"loc":{"start":{"line":36,"column":9},"end":{"line":36,"column":62}},"type":"binary-expr","locations":[{"start":{"line":36,"column":9},"end":{"line":36,"column":30}},{"start":{"line":36,"column":34},"end":{"line":36,"column":62}}],"line":36}},"s":{"0":2,"1":2,"2":3,"3":3,"4":3,"5":12,"6":28,"7":28,"8":28,"9":9,"10":8,"11":9,"12":19,"13":17,"14":31},"f":{"0":2,"1":3,"2":12,"3":28,"4":28,"5":31},"b":{"0":[0],"1":[1,1],"2":[3,0],"3":[9,19],"4":[8,1],"5":[3,5],"6":[17,2],"7":[19,19],"8":[31,12]},"_coverageSchema":"43e27e138ebf9cfc5966b082cf9a028302ed4184","hash":"94fd89972b84da563f728cdecbbeac180db38f26"}
,"F:\\code\\demo\\npm\\ntbl-utils\\objects.js": {"path":"F:\\code\\demo\\npm\\ntbl-utils\\objects.js","statementMap":{},"fnMap":{},"branchMap":{},"s":{},"f":{},"b":{},"_coverageSchema":"43e27e138ebf9cfc5966b082cf9a028302ed4184","hash":"fcb880d8d94b531670f0b75a1a3d1a54b35c8938"}
,"F:\\code\\demo\\npm\\ntbl-utils\\only.js": {"path":"F:\\code\\demo\\npm\\ntbl-utils\\only.js","statementMap":{"0":{"start":{"line":16,"column":2},"end":{"line":16,"column":55}},"1":{"start":{"line":16,"column":32},"end":{"line":16,"column":55}},"2":{"start":{"line":17,"column":2},"end":{"line":21,"column":8}},"3":{"start":{"line":18,"column":4},"end":{"line":18,"column":36}},"4":{"start":{"line":18,"column":26},"end":{"line":18,"column":36}},"5":{"start":{"line":19,"column":4},"end":{"line":19,"column":23}},"6":{"start":{"line":20,"column":4},"end":{"line":20,"column":14}}},"fnMap":{"0":{"name":"(anonymous_0)","decl":{"start":{"line":15,"column":15},"end":{"line":15,"column":16}},"loc":{"start":{"line":15,"column":30},"end":{"line":22,"column":1}},"line":15},"1":{"name":"(anonymous_1)","decl":{"start":{"line":17,"column":21},"end":{"line":17,"column":22}},"loc":{"start":{"line":17,"column":35},"end":{"line":21,"column":3}},"line":17}},"branchMap":{"0":{"loc":{"start":{"line":16,"column":2},"end":{"line":16,"column":55}},"type":"if","locations":[{"start":{"line":16,"column":2},"end":{"line":16,"column":55}},{"start":{"line":16,"column":2},"end":{"line":16,"column":55}}],"line":16},"1":{"loc":{"start":{"line":18,"column":4},"end":{"line":18,"column":36}},"type":"if","locations":[{"start":{"line":18,"column":4},"end":{"line":18,"column":36}},{"start":{"line":18,"column":4},"end":{"line":18,"column":36}}],"line":18}},"s":{"0":2,"1":1,"2":2,"3":5,"4":1,"5":4,"6":4},"f":{"0":2,"1":5},"b":{"0":[1,1],"1":[1,4]},"_coverageSchema":"43e27e138ebf9cfc5966b082cf9a028302ed4184","hash":"485166528774e129a82785a32634cc8aba9bb343"}
,"F:\\code\\demo\\npm\\ntbl-utils\\pull.js": {"path":"F:\\code\\demo\\npm\\ntbl-utils\\pull.js","statementMap":{"0":{"start":{"line":16,"column":35},"end":{"line":16,"column":71}},"1":{"start":{"line":16,"column":51},"end":{"line":16,"column":70}}},"fnMap":{"0":{"name":"(anonymous_0)","decl":{"start":{"line":16,"column":15},"end":{"line":16,"column":16}},"loc":{"start":{"line":16,"column":35},"end":{"line":16,"column":71}},"line":16},"1":{"name":"(anonymous_1)","decl":{"start":{"line":16,"column":46},"end":{"line":16,"column":47}},"loc":{"start":{"line":16,"column":51},"end":{"line":16,"column":70}},"line":16}},"branchMap":{},"s":{"0":1,"1":4},"f":{"0":1,"1":4},"b":{},"_coverageSchema":"43e27e138ebf9cfc5966b082cf9a028302ed4184","hash":"02068cec43bb9cff2af5b13e807d29980523cd2e"}
,"F:\\code\\demo\\npm\\ntbl-utils\\pullAt.js": {"path":"F:\\code\\demo\\npm\\ntbl-utils\\pullAt.js","statementMap":{"0":{"start":{"line":16,"column":35},"end":{"line":16,"column":76}},"1":{"start":{"line":16,"column":56},"end":{"line":16,"column":75}}},"fnMap":{"0":{"name":"(anonymous_0)","decl":{"start":{"line":16,"column":15},"end":{"line":16,"column":16}},"loc":{"start":{"line":16,"column":35},"end":{"line":16,"column":76}},"line":16},"1":{"name":"(anonymous_1)","decl":{"start":{"line":16,"column":46},"end":{"line":16,"column":47}},"loc":{"start":{"line":16,"column":56},"end":{"line":16,"column":75}},"line":16}},"branchMap":{},"s":{"0":1,"1":3},"f":{"0":1,"1":3},"b":{},"_coverageSchema":"43e27e138ebf9cfc5966b082cf9a028302ed4184","hash":"33967d98a0dd6c527e895fc5661ffd623c212483"}
,"F:\\code\\demo\\npm\\ntbl-utils\\strings.js": {"path":"F:\\code\\demo\\npm\\ntbl-utils\\strings.js","statementMap":{},"fnMap":{},"branchMap":{},"s":{},"f":{},"b":{},"_coverageSchema":"43e27e138ebf9cfc5966b082cf9a028302ed4184","hash":"0c4798ff4656e573d65e9318454ee9c12dd32f67"}
,"F:\\code\\demo\\npm\\ntbl-utils\\tailSpain.js": {"path":"F:\\code\\demo\\npm\\ntbl-utils\\tailSpain.js","statementMap":{"0":{"start":{"line":26,"column":15},"end":{"line":26,"column":40}},"1":{"start":{"line":27,"column":2},"end":{"line":35,"column":3}},"2":{"start":{"line":28,"column":4},"end":{"line":34,"column":5}},"3":{"start":{"line":29,"column":6},"end":{"line":31,"column":58}},"4":{"start":{"line":30,"column":20},"end":{"line":30,"column":67}},"5":{"start":{"line":31,"column":30},"end":{"line":31,"column":38}},"6":{"start":{"line":33,"column":6},"end":{"line":33,"column":25}},"7":{"start":{"line":37,"column":2},"end":{"line":37,"column":21}}},"fnMap":{"0":{"name":"(anonymous_0)","decl":{"start":{"line":25,"column":15},"end":{"line":25,"column":16}},"loc":{"start":{"line":25,"column":42},"end":{"line":38,"column":1}},"line":25},"1":{"name":"(anonymous_1)","decl":{"start":{"line":30,"column":13},"end":{"line":30,"column":14}},"loc":{"start":{"line":30,"column":20},"end":{"line":30,"column":67}},"line":30},"2":{"name":"(anonymous_2)","decl":{"start":{"line":31,"column":16},"end":{"line":31,"column":17}},"loc":{"start":{"line":31,"column":30},"end":{"line":31,"column":38}},"line":31}},"branchMap":{"0":{"loc":{"start":{"line":27,"column":2},"end":{"line":35,"column":3}},"type":"if","locations":[{"start":{"line":27,"column":2},"end":{"line":35,"column":3}},{"start":{"line":27,"column":2},"end":{"line":35,"column":3}}],"line":27},"1":{"loc":{"start":{"line":29,"column":13},"end":{"line":31,"column":58}},"type":"binary-expr","locations":[{"start":{"line":29,"column":13},"end":{"line":31,"column":42}},{"start":{"line":31,"column":46},"end":{"line":31,"column":58}}],"line":29},"2":{"loc":{"start":{"line":30,"column":20},"end":{"line":30,"column":67}},"type":"cond-expr","locations":[{"start":{"line":30,"column":50},"end":{"line":30,"column":53}},{"start":{"line":30,"column":56},"end":{"line":30,"column":67}}],"line":30}},"s":{"0":5,"1":5,"2":4,"3":4,"4":15,"5":15,"6":2,"7":1},"f":{"0":5,"1":15,"2":15},"b":{"0":[4,1],"1":[4,1],"2":[13,2]},"_coverageSchema":"43e27e138ebf9cfc5966b082cf9a028302ed4184","hash":"0df71d5745a9e499090a291996f601f0a001ae30"}
,"F:\\code\\demo\\npm\\ntbl-utils\\toPairs.js": {"path":"F:\\code\\demo\\npm\\ntbl-utils\\toPairs.js","statementMap":{"0":{"start":{"line":15,"column":22},"end":{"line":15,"column":46}}},"fnMap":{"0":{"name":"(anonymous_0)","decl":{"start":{"line":15,"column":15},"end":{"line":15,"column":16}},"loc":{"start":{"line":15,"column":22},"end":{"line":15,"column":46}},"line":15}},"branchMap":{},"s":{"0":1},"f":{"0":1},"b":{},"_coverageSchema":"43e27e138ebf9cfc5966b082cf9a028302ed4184","hash":"799ecfb31c7a2f2fe7a89e869ee92d236c3d01ef"}
,"F:\\code\\demo\\npm\\ntbl-utils\\union.js": {"path":"F:\\code\\demo\\npm\\ntbl-utils\\union.js","statementMap":{"0":{"start":{"line":17,"column":30},"end":{"line":17,"column":64}}},"fnMap":{"0":{"name":"(anonymous_0)","decl":{"start":{"line":17,"column":15},"end":{"line":17,"column":16}},"loc":{"start":{"line":17,"column":30},"end":{"line":17,"column":64}},"line":17}},"branchMap":{},"s":{"0":2},"f":{"0":2},"b":{},"_coverageSchema":"43e27e138ebf9cfc5966b082cf9a028302ed4184","hash":"4d3c1d76af6a59ff176965ea0a6c29a33b5f30b5"}
,"F:\\code\\demo\\npm\\ntbl-utils\\uuid.js": {"path":"F:\\code\\demo\\npm\\ntbl-utils\\uuid.js","statementMap":{"0":{"start":{"line":12,"column":16},"end":{"line":12,"column":90}},"1":{"start":{"line":13,"column":15},"end":{"line":13,"column":17}},"2":{"start":{"line":14,"column":2},"end":{"line":14,"column":31}},"3":{"start":{"line":16,"column":2},"end":{"line":29,"column":3}},"4":{"start":{"line":17,"column":3},"end":{"line":17,"column":75}},"5":{"start":{"line":17,"column":16},"end":{"line":17,"column":17}},"6":{"start":{"line":17,"column":33},"end":{"line":17,"column":75}},"7":{"start":{"line":20,"column":3},"end":{"line":20,"column":49}},"8":{"start":{"line":21,"column":3},"end":{"line":21,"column":17}},"9":{"start":{"line":23,"column":3},"end":{"line":28,"column":4}},"10":{"start":{"line":23,"column":16},"end":{"line":23,"column":17}},"11":{"start":{"line":24,"column":4},"end":{"line":27,"column":5}},"12":{"start":{"line":25,"column":5},"end":{"line":25,"column":31}},"13":{"start":{"line":26,"column":5},"end":{"line":26,"column":53}},"14":{"start":{"line":31,"column":2},"end":{"line":31,"column":22}}},"fnMap":{"0":{"name":"uuid","decl":{"start":{"line":11,"column":9},"end":{"line":11,"column":13}},"loc":{"start":{"line":11,"column":26},"end":{"line":32,"column":1}},"line":11}},"branchMap":{"0":{"loc":{"start":{"line":14,"column":10},"end":{"line":14,"column":31}},"type":"binary-expr","locations":[{"start":{"line":14,"column":10},"end":{"line":14,"column":15}},{"start":{"line":14,"column":19},"end":{"line":14,"column":31}}],"line":14},"1":{"loc":{"start":{"line":16,"column":2},"end":{"line":29,"column":3}},"type":"if","locations":[{"start":{"line":16,"column":2},"end":{"line":29,"column":3}},{"start":{"line":16,"column":2},"end":{"line":29,"column":3}}],"line":16},"2":{"loc":{"start":{"line":24,"column":4},"end":{"line":27,"column":5}},"type":"if","locations":[{"start":{"line":24,"column":4},"end":{"line":27,"column":5}},{"start":{"line":24,"column":4},"end":{"line":27,"column":5}}],"line":24},"3":{"loc":{"start":{"line":26,"column":21},"end":{"line":26,"column":52}},"type":"cond-expr","locations":[{"start":{"line":26,"column":33},"end":{"line":26,"column":48}},{"start":{"line":26,"column":51},"end":{"line":26,"column":52}}],"line":26}},"s":{"0":0,"1":0,"2":0,"3":0,"4":0,"5":0,"6":0,"7":0,"8":0,"9":0,"10":0,"11":0,"12":0,"13":0,"14":0},"f":{"0":0},"b":{"0":[0,0],"1":[0,0],"2":[0,0],"3":[0,0]},"_coverageSchema":"43e27e138ebf9cfc5966b082cf9a028302ed4184","hash":"a4e8ee882719b0b64a4b6ab3188c0adc63372bc1"}
}
