{"D:\\awesome\\@ntbl\\utils\\addMethod.js": {"path":"D:\\awesome\\@ntbl\\utils\\addMethod.js","statementMap":{"0":{"start":{"line":32,"column":14},"end":{"line":32,"column":23}},"1":{"start":{"line":33,"column":2},"end":{"line":37,"column":3}},"2":{"start":{"line":34,"column":5},"end":{"line":36,"column":23}}},"fnMap":{"0":{"name":"(anonymous_0)","decl":{"start":{"line":31,"column":15},"end":{"line":31,"column":16}},"loc":{"start":{"line":31,"column":34},"end":{"line":38,"column":1}},"line":31},"1":{"name":"(anonymous_1)","decl":{"start":{"line":33,"column":14},"end":{"line":33,"column":15}},"loc":{"start":{"line":33,"column":33},"end":{"line":37,"column":3}},"line":33}},"branchMap":{"0":{"loc":{"start":{"line":34,"column":14},"end":{"line":36,"column":23}},"type":"cond-expr","locations":[{"start":{"line":34,"column":42},"end":{"line":34,"column":62}},{"start":{"line":35,"column":14},"end":{"line":36,"column":23}}],"line":34},"1":{"loc":{"start":{"line":35,"column":14},"end":{"line":36,"column":23}},"type":"cond-expr","locations":[{"start":{"line":35,"column":42},"end":{"line":35,"column":63}},{"start":{"line":36,"column":14},"end":{"line":36,"column":23}}],"line":35}},"s":{"0":2,"1":2,"2":5},"f":{"0":2,"1":5},"b":{"0":[2,3],"1":[2,1]},"_coverageSchema":"43e27e138ebf9cfc5966b082cf9a028302ed4184","hash":"04cdc3fa4fc0307b06e0283dabfc6ecfbdff8f41"}
,"D:\\awesome\\@ntbl\\utils\\agent.js": {"path":"D:\\awesome\\@ntbl\\utils\\agent.js","statementMap":{"0":{"start":{"line":12,"column":2},"end":{"line":12,"column":39}},"1":{"start":{"line":12,"column":13},"end":{"line":12,"column":39}},"2":{"start":{"line":13,"column":2},"end":{"line":30,"column":4}},"3":{"start":{"line":14,"column":4},"end":{"line":29,"column":5}},"4":{"start":{"line":15,"column":20},"end":{"line":15,"column":32}},"5":{"start":{"line":16,"column":6},"end":{"line":18,"column":7}},"6":{"start":{"line":17,"column":8},"end":{"line":17,"column":48}},"7":{"start":{"line":19,"column":8},"end":{"line":27,"column":10}},"8":{"start":{"line":21,"column":12},"end":{"line":21,"column":31}},"9":{"start":{"line":25,"column":12},"end":{"line":25,"column":32}}},"fnMap":{"0":{"name":"(anonymous_0)","decl":{"start":{"line":11,"column":15},"end":{"line":11,"column":16}},"loc":{"start":{"line":11,"column":41},"end":{"line":31,"column":1}},"line":11},"1":{"name":"(anonymous_1)","decl":{"start":{"line":13,"column":15},"end":{"line":13,"column":16}},"loc":{"start":{"line":13,"column":23},"end":{"line":30,"column":3}},"line":13},"2":{"name":"(anonymous_2)","decl":{"start":{"line":20,"column":10},"end":{"line":20,"column":11}},"loc":{"start":{"line":20,"column":17},"end":{"line":22,"column":11}},"line":20},"3":{"name":"(anonymous_3)","decl":{"start":{"line":24,"column":10},"end":{"line":24,"column":11}},"loc":{"start":{"line":24,"column":21},"end":{"line":26,"column":11}},"line":24}},"branchMap":{"0":{"loc":{"start":{"line":12,"column":2},"end":{"line":12,"column":39}},"type":"if","locations":[{"start":{"line":12,"column":2},"end":{"line":12,"column":39}},{"start":{"line":12,"column":2},"end":{"line":12,"column":39}}],"line":12},"1":{"loc":{"start":{"line":14,"column":4},"end":{"line":29,"column":5}},"type":"if","locations":[{"start":{"line":14,"column":4},"end":{"line":29,"column":5}},{"start":{"line":14,"column":4},"end":{"line":29,"column":5}}],"line":14},"2":{"loc":{"start":{"line":16,"column":6},"end":{"line":18,"column":7}},"type":"if","locations":[{"start":{"line":16,"column":6},"end":{"line":18,"column":7}},{"start":{"line":16,"column":6},"end":{"line":18,"column":7}}],"line":16}},"s":{"0":2,"1":1,"2":2,"3":6,"4":5,"5":5,"6":3,"7":5,"8":5,"9":3},"f":{"0":2,"1":6,"2":5,"3":3},"b":{"0":[1,1],"1":[5,1],"2":[3,2]},"_coverageSchema":"43e27e138ebf9cfc5966b082cf9a028302ed4184","hash":"bce2d6a5b16d9f0e6eb56b45068bc77d7ec3280c"}
,"D:\\awesome\\@ntbl\\utils\\arrays.js": {"path":"D:\\awesome\\@ntbl\\utils\\arrays.js","statementMap":{},"fnMap":{},"branchMap":{},"s":{},"f":{},"b":{},"_coverageSchema":"43e27e138ebf9cfc5966b082cf9a028302ed4184","hash":"b15dfb68224c5d326f184026309a615abc972fb9"}
,"D:\\awesome\\@ntbl\\utils\\camelCase.js": {"path":"D:\\awesome\\@ntbl\\utils\\camelCase.js","statementMap":{"0":{"start":{"line":1,"column":29},"end":{"line":1,"column":47}},"1":{"start":{"line":11,"column":2},"end":{"line":13,"column":13}},"2":{"start":{"line":11,"column":78},"end":{"line":13,"column":12}}},"fnMap":{"0":{"name":"camelCase","decl":{"start":{"line":10,"column":9},"end":{"line":10,"column":18}},"loc":{"start":{"line":10,"column":25},"end":{"line":14,"column":1}},"line":10},"1":{"name":"(anonymous_1)","decl":{"start":{"line":11,"column":44},"end":{"line":11,"column":45}},"loc":{"start":{"line":11,"column":78},"end":{"line":13,"column":12}},"line":11}},"branchMap":{"0":{"loc":{"start":{"line":11,"column":78},"end":{"line":13,"column":12}},"type":"cond-expr","locations":[{"start":{"line":12,"column":6},"end":{"line":12,"column":26}},{"start":{"line":13,"column":6},"end":{"line":13,"column":12}}],"line":11}},"s":{"0":1,"1":4,"2":4},"f":{"0":4,"1":4},"b":{"0":[4,0]},"_coverageSchema":"43e27e138ebf9cfc5966b082cf9a028302ed4184","hash":"9f15cebffa7ab412b6a32995f92efa9b8b255898"}
,"D:\\awesome\\@ntbl\\utils\\chunk.js": {"path":"D:\\awesome\\@ntbl\\utils\\chunk.js","statementMap":{"0":{"start":{"line":15,"column":17},"end":{"line":15,"column":45}},"1":{"start":{"line":16,"column":2},"end":{"line":16,"column":36}},"2":{"start":{"line":16,"column":27},"end":{"line":16,"column":36}},"3":{"start":{"line":18,"column":14},"end":{"line":18,"column":15}},"4":{"start":{"line":19,"column":15},"end":{"line":19,"column":17}},"5":{"start":{"line":20,"column":2},"end":{"line":22,"column":3}},"6":{"start":{"line":21,"column":4},"end":{"line":21,"column":58}},"7":{"start":{"line":24,"column":2},"end":{"line":24,"column":15}}},"fnMap":{"0":{"name":"(anonymous_0)","decl":{"start":{"line":14,"column":15},"end":{"line":14,"column":16}},"loc":{"start":{"line":14,"column":30},"end":{"line":25,"column":1}},"line":14}},"branchMap":{"0":{"loc":{"start":{"line":15,"column":17},"end":{"line":15,"column":45}},"type":"cond-expr","locations":[{"start":{"line":15,"column":31},"end":{"line":15,"column":32}},{"start":{"line":15,"column":35},"end":{"line":15,"column":45}}],"line":15},"1":{"loc":{"start":{"line":16,"column":2},"end":{"line":16,"column":36}},"type":"if","locations":[{"start":{"line":16,"column":2},"end":{"line":16,"column":36}},{"start":{"line":16,"column":2},"end":{"line":16,"column":36}}],"line":16},"2":{"loc":{"start":{"line":16,"column":6},"end":{"line":16,"column":25}},"type":"binary-expr","locations":[{"start":{"line":16,"column":6},"end":{"line":16,"column":13}},{"start":{"line":16,"column":17},"end":{"line":16,"column":25}}],"line":16}},"s":{"0":2,"1":2,"2":1,"3":1,"4":1,"5":1,"6":2,"7":1},"f":{"0":2},"b":{"0":[1,1],"1":[1,1],"2":[2,1]},"_coverageSchema":"43e27e138ebf9cfc5966b082cf9a028302ed4184","hash":"e31af60bc0aed261cc0d707787629b380bc4637f"}
,"D:\\awesome\\@ntbl\\utils\\combine.js": {"path":"D:\\awesome\\@ntbl\\utils\\combine.js","statementMap":{"0":{"start":{"line":11,"column":30},"end":{"line":11,"column":50}}},"fnMap":{"0":{"name":"(anonymous_0)","decl":{"start":{"line":11,"column":15},"end":{"line":11,"column":16}},"loc":{"start":{"line":11,"column":30},"end":{"line":11,"column":50}},"line":11}},"branchMap":{},"s":{"0":4},"f":{"0":4},"b":{},"_coverageSchema":"43e27e138ebf9cfc5966b082cf9a028302ed4184","hash":"0ccb3e46bec19fcabc2f258741fa572314d61eb8"}
,"D:\\awesome\\@ntbl\\utils\\compact.js": {"path":"D:\\awesome\\@ntbl\\utils\\compact.js","statementMap":{"0":{"start":{"line":11,"column":22},"end":{"line":11,"column":41}}},"fnMap":{"0":{"name":"(anonymous_0)","decl":{"start":{"line":11,"column":15},"end":{"line":11,"column":16}},"loc":{"start":{"line":11,"column":22},"end":{"line":11,"column":41}},"line":11}},"branchMap":{},"s":{"0":1},"f":{"0":1},"b":{},"_coverageSchema":"43e27e138ebf9cfc5966b082cf9a028302ed4184","hash":"90275dc1270d427a8a6581d9001d3233c6dc81fc"}
,"D:\\awesome\\@ntbl\\utils\\compose.js": {"path":"D:\\awesome\\@ntbl\\utils\\compose.js","statementMap":{"0":{"start":{"line":12,"column":30},"end":{"line":12,"column":74}},"1":{"start":{"line":12,"column":39},"end":{"line":12,"column":74}},"2":{"start":{"line":12,"column":62},"end":{"line":12,"column":66}}},"fnMap":{"0":{"name":"(anonymous_0)","decl":{"start":{"line":12,"column":15},"end":{"line":12,"column":16}},"loc":{"start":{"line":12,"column":30},"end":{"line":12,"column":74}},"line":12},"1":{"name":"(anonymous_1)","decl":{"start":{"line":12,"column":30},"end":{"line":12,"column":31}},"loc":{"start":{"line":12,"column":39},"end":{"line":12,"column":74}},"line":12},"2":{"name":"(anonymous_2)","decl":{"start":{"line":12,"column":52},"end":{"line":12,"column":53}},"loc":{"start":{"line":12,"column":62},"end":{"line":12,"column":66}},"line":12}},"branchMap":{},"s":{"0":1,"1":1,"2":2},"f":{"0":1,"1":1,"2":2},"b":{},"_coverageSchema":"43e27e138ebf9cfc5966b082cf9a028302ed4184","hash":"47dfe3cee4757ca7af62807b848811efb9a36849"}
,"D:\\awesome\\@ntbl\\utils\\curry.js": {"path":"D:\\awesome\\@ntbl\\utils\\curry.js","statementMap":{"0":{"start":{"line":14,"column":18},"end":{"line":14,"column":27}},"1":{"start":{"line":15,"column":20},"end":{"line":16,"column":82}},"2":{"start":{"line":16,"column":8},"end":{"line":16,"column":82}},"3":{"start":{"line":16,"column":43},"end":{"line":16,"column":68}},"4":{"start":{"line":17,"column":4},"end":{"line":17,"column":18}}},"fnMap":{"0":{"name":"(anonymous_0)","decl":{"start":{"line":13,"column":15},"end":{"line":13,"column":16}},"loc":{"start":{"line":13,"column":21},"end":{"line":18,"column":1}},"line":13},"1":{"name":"(anonymous_1)","decl":{"start":{"line":15,"column":20},"end":{"line":15,"column":21}},"loc":{"start":{"line":16,"column":8},"end":{"line":16,"column":82}},"line":16},"2":{"name":"(anonymous_2)","decl":{"start":{"line":16,"column":30},"end":{"line":16,"column":31}},"loc":{"start":{"line":16,"column":43},"end":{"line":16,"column":68}},"line":16}},"branchMap":{"0":{"loc":{"start":{"line":16,"column":8},"end":{"line":16,"column":82}},"type":"cond-expr","locations":[{"start":{"line":16,"column":30},"end":{"line":16,"column":68}},{"start":{"line":16,"column":71},"end":{"line":16,"column":82}}],"line":16}},"s":{"0":3,"1":3,"2":6,"3":3,"4":3},"f":{"0":3,"1":6,"2":3},"b":{"0":[3,3]},"_coverageSchema":"43e27e138ebf9cfc5966b082cf9a028302ed4184","hash":"00e1fba8d33e0bf5bcc12420fc6c6908f337b8bb"}
,"D:\\awesome\\@ntbl\\utils\\defaults.js": {"path":"D:\\awesome\\@ntbl\\utils\\defaults.js","statementMap":{"0":{"start":{"line":14,"column":2},"end":{"line":17,"column":3}},"1":{"start":{"line":15,"column":4},"end":{"line":16,"column":31}},"2":{"start":{"line":16,"column":6},"end":{"line":16,"column":31}},"3":{"start":{"line":19,"column":2},"end":{"line":19,"column":15}}},"fnMap":{"0":{"name":"(anonymous_0)","decl":{"start":{"line":13,"column":15},"end":{"line":13,"column":16}},"loc":{"start":{"line":13,"column":35},"end":{"line":20,"column":1}},"line":13}},"branchMap":{"0":{"loc":{"start":{"line":15,"column":4},"end":{"line":16,"column":31}},"type":"if","locations":[{"start":{"line":15,"column":4},"end":{"line":16,"column":31}},{"start":{"line":15,"column":4},"end":{"line":16,"column":31}}],"line":15},"1":{"loc":{"start":{"line":15,"column":8},"end":{"line":15,"column":63}},"type":"binary-expr","locations":[{"start":{"line":15,"column":8},"end":{"line":15,"column":33}},{"start":{"line":15,"column":37},"end":{"line":15,"column":63}}],"line":15}},"s":{"0":1,"1":2,"2":1,"3":1},"f":{"0":1},"b":{"0":[1,1],"1":[2,1]},"_coverageSchema":"43e27e138ebf9cfc5966b082cf9a028302ed4184","hash":"e2a66c198fe52a580a20ac37e8b6d263f3265ed6"}
,"D:\\awesome\\@ntbl\\utils\\difference.js": {"path":"D:\\awesome\\@ntbl\\utils\\difference.js","statementMap":{"0":{"start":{"line":18,"column":35},"end":{"line":18,"column":104}},"1":{"start":{"line":18,"column":52},"end":{"line":18,"column":103}},"2":{"start":{"line":18,"column":88},"end":{"line":18,"column":102}}},"fnMap":{"0":{"name":"(anonymous_0)","decl":{"start":{"line":18,"column":15},"end":{"line":18,"column":16}},"loc":{"start":{"line":18,"column":35},"end":{"line":18,"column":104}},"line":18},"1":{"name":"(anonymous_1)","decl":{"start":{"line":18,"column":46},"end":{"line":18,"column":47}},"loc":{"start":{"line":18,"column":52},"end":{"line":18,"column":103}},"line":18},"2":{"name":"(anonymous_2)","decl":{"start":{"line":18,"column":77},"end":{"line":18,"column":78}},"loc":{"start":{"line":18,"column":88},"end":{"line":18,"column":102}},"line":18}},"branchMap":{},"s":{"0":1,"1":3,"2":6},"f":{"0":1,"1":3,"2":6},"b":{},"_coverageSchema":"43e27e138ebf9cfc5966b082cf9a028302ed4184","hash":"e20fc64cadfea35d235f3daad93cddd7e72531bf"}
,"D:\\awesome\\@ntbl\\utils\\functions.js": {"path":"D:\\awesome\\@ntbl\\utils\\functions.js","statementMap":{},"fnMap":{},"branchMap":{},"s":{},"f":{},"b":{},"_coverageSchema":"43e27e138ebf9cfc5966b082cf9a028302ed4184","hash":"812f8a4ac72bdb86422b9242d602d4a434cd45d0"}
,"D:\\awesome\\@ntbl\\utils\\intersection.js": {"path":"D:\\awesome\\@ntbl\\utils\\intersection.js","statementMap":{"0":{"start":{"line":17,"column":30},"end":{"line":17,"column":115}},"1":{"start":{"line":17,"column":64},"end":{"line":17,"column":114}},"2":{"start":{"line":17,"column":84},"end":{"line":17,"column":113}},"3":{"start":{"line":17,"column":99},"end":{"line":17,"column":112}}},"fnMap":{"0":{"name":"(anonymous_0)","decl":{"start":{"line":17,"column":15},"end":{"line":17,"column":16}},"loc":{"start":{"line":17,"column":30},"end":{"line":17,"column":115}},"line":17},"1":{"name":"(anonymous_1)","decl":{"start":{"line":17,"column":54},"end":{"line":17,"column":55}},"loc":{"start":{"line":17,"column":64},"end":{"line":17,"column":114}},"line":17},"2":{"name":"(anonymous_2)","decl":{"start":{"line":17,"column":77},"end":{"line":17,"column":78}},"loc":{"start":{"line":17,"column":84},"end":{"line":17,"column":113}},"line":17},"3":{"name":"(anonymous_3)","decl":{"start":{"line":17,"column":93},"end":{"line":17,"column":94}},"loc":{"start":{"line":17,"column":99},"end":{"line":17,"column":112}},"line":17}},"branchMap":{},"s":{"0":1,"1":4,"2":7,"3":15},"f":{"0":1,"1":4,"2":7,"3":15},"b":{},"_coverageSchema":"43e27e138ebf9cfc5966b082cf9a028302ed4184","hash":"a25c151c37aaab583ed2b3a2cebff38ae25c8241"}
,"D:\\awesome\\@ntbl\\utils\\objects.js": {"path":"D:\\awesome\\@ntbl\\utils\\objects.js","statementMap":{},"fnMap":{},"branchMap":{},"s":{},"f":{},"b":{},"_coverageSchema":"43e27e138ebf9cfc5966b082cf9a028302ed4184","hash":"44ead76347f8ca3407229e0e7e6f58f9619db9c1"}
,"D:\\awesome\\@ntbl\\utils\\only.js": {"path":"D:\\awesome\\@ntbl\\utils\\only.js","statementMap":{"0":{"start":{"line":16,"column":2},"end":{"line":16,"column":55}},"1":{"start":{"line":16,"column":32},"end":{"line":16,"column":55}},"2":{"start":{"line":17,"column":2},"end":{"line":21,"column":8}},"3":{"start":{"line":18,"column":4},"end":{"line":18,"column":36}},"4":{"start":{"line":18,"column":26},"end":{"line":18,"column":36}},"5":{"start":{"line":19,"column":4},"end":{"line":19,"column":23}},"6":{"start":{"line":20,"column":4},"end":{"line":20,"column":14}}},"fnMap":{"0":{"name":"(anonymous_0)","decl":{"start":{"line":15,"column":15},"end":{"line":15,"column":16}},"loc":{"start":{"line":15,"column":30},"end":{"line":22,"column":1}},"line":15},"1":{"name":"(anonymous_1)","decl":{"start":{"line":17,"column":21},"end":{"line":17,"column":22}},"loc":{"start":{"line":17,"column":35},"end":{"line":21,"column":3}},"line":17}},"branchMap":{"0":{"loc":{"start":{"line":16,"column":2},"end":{"line":16,"column":55}},"type":"if","locations":[{"start":{"line":16,"column":2},"end":{"line":16,"column":55}},{"start":{"line":16,"column":2},"end":{"line":16,"column":55}}],"line":16},"1":{"loc":{"start":{"line":18,"column":4},"end":{"line":18,"column":36}},"type":"if","locations":[{"start":{"line":18,"column":4},"end":{"line":18,"column":36}},{"start":{"line":18,"column":4},"end":{"line":18,"column":36}}],"line":18}},"s":{"0":2,"1":1,"2":2,"3":5,"4":1,"5":4,"6":4},"f":{"0":2,"1":5},"b":{"0":[1,1],"1":[1,4]},"_coverageSchema":"43e27e138ebf9cfc5966b082cf9a028302ed4184","hash":"f39170a24aabf523718391cc24bb1d8f3d49adb1"}
,"D:\\awesome\\@ntbl\\utils\\pull.js": {"path":"D:\\awesome\\@ntbl\\utils\\pull.js","statementMap":{"0":{"start":{"line":16,"column":35},"end":{"line":16,"column":71}},"1":{"start":{"line":16,"column":51},"end":{"line":16,"column":70}}},"fnMap":{"0":{"name":"(anonymous_0)","decl":{"start":{"line":16,"column":15},"end":{"line":16,"column":16}},"loc":{"start":{"line":16,"column":35},"end":{"line":16,"column":71}},"line":16},"1":{"name":"(anonymous_1)","decl":{"start":{"line":16,"column":46},"end":{"line":16,"column":47}},"loc":{"start":{"line":16,"column":51},"end":{"line":16,"column":70}},"line":16}},"branchMap":{},"s":{"0":1,"1":4},"f":{"0":1,"1":4},"b":{},"_coverageSchema":"43e27e138ebf9cfc5966b082cf9a028302ed4184","hash":"b50c165a8f8a7f5f55093c445c6cc9bc8673f7cf"}
,"D:\\awesome\\@ntbl\\utils\\pullAt.js": {"path":"D:\\awesome\\@ntbl\\utils\\pullAt.js","statementMap":{"0":{"start":{"line":16,"column":35},"end":{"line":16,"column":76}},"1":{"start":{"line":16,"column":56},"end":{"line":16,"column":75}}},"fnMap":{"0":{"name":"(anonymous_0)","decl":{"start":{"line":16,"column":15},"end":{"line":16,"column":16}},"loc":{"start":{"line":16,"column":35},"end":{"line":16,"column":76}},"line":16},"1":{"name":"(anonymous_1)","decl":{"start":{"line":16,"column":46},"end":{"line":16,"column":47}},"loc":{"start":{"line":16,"column":56},"end":{"line":16,"column":75}},"line":16}},"branchMap":{},"s":{"0":1,"1":3},"f":{"0":1,"1":3},"b":{},"_coverageSchema":"43e27e138ebf9cfc5966b082cf9a028302ed4184","hash":"7d3f6b9c23292f7e349ce4273187f097e43338f8"}
,"D:\\awesome\\@ntbl\\utils\\strings.js": {"path":"D:\\awesome\\@ntbl\\utils\\strings.js","statementMap":{},"fnMap":{},"branchMap":{},"s":{},"f":{},"b":{},"_coverageSchema":"43e27e138ebf9cfc5966b082cf9a028302ed4184","hash":"d758a6b11f9ecaa145263daa99cb377c9947c473"}
,"D:\\awesome\\@ntbl\\utils\\tailSpain.js": {"path":"D:\\awesome\\@ntbl\\utils\\tailSpain.js","statementMap":{"0":{"start":{"line":26,"column":15},"end":{"line":26,"column":40}},"1":{"start":{"line":27,"column":2},"end":{"line":35,"column":3}},"2":{"start":{"line":28,"column":4},"end":{"line":34,"column":5}},"3":{"start":{"line":29,"column":6},"end":{"line":31,"column":58}},"4":{"start":{"line":30,"column":20},"end":{"line":30,"column":67}},"5":{"start":{"line":31,"column":30},"end":{"line":31,"column":38}},"6":{"start":{"line":33,"column":6},"end":{"line":33,"column":25}},"7":{"start":{"line":37,"column":2},"end":{"line":37,"column":21}}},"fnMap":{"0":{"name":"(anonymous_0)","decl":{"start":{"line":25,"column":15},"end":{"line":25,"column":16}},"loc":{"start":{"line":25,"column":42},"end":{"line":38,"column":1}},"line":25},"1":{"name":"(anonymous_1)","decl":{"start":{"line":30,"column":13},"end":{"line":30,"column":14}},"loc":{"start":{"line":30,"column":20},"end":{"line":30,"column":67}},"line":30},"2":{"name":"(anonymous_2)","decl":{"start":{"line":31,"column":16},"end":{"line":31,"column":17}},"loc":{"start":{"line":31,"column":30},"end":{"line":31,"column":38}},"line":31}},"branchMap":{"0":{"loc":{"start":{"line":27,"column":2},"end":{"line":35,"column":3}},"type":"if","locations":[{"start":{"line":27,"column":2},"end":{"line":35,"column":3}},{"start":{"line":27,"column":2},"end":{"line":35,"column":3}}],"line":27},"1":{"loc":{"start":{"line":29,"column":13},"end":{"line":31,"column":58}},"type":"binary-expr","locations":[{"start":{"line":29,"column":13},"end":{"line":31,"column":42}},{"start":{"line":31,"column":46},"end":{"line":31,"column":58}}],"line":29},"2":{"loc":{"start":{"line":30,"column":20},"end":{"line":30,"column":67}},"type":"cond-expr","locations":[{"start":{"line":30,"column":50},"end":{"line":30,"column":53}},{"start":{"line":30,"column":56},"end":{"line":30,"column":67}}],"line":30}},"s":{"0":5,"1":5,"2":4,"3":4,"4":15,"5":15,"6":2,"7":1},"f":{"0":5,"1":15,"2":15},"b":{"0":[4,1],"1":[4,1],"2":[13,2]},"_coverageSchema":"43e27e138ebf9cfc5966b082cf9a028302ed4184","hash":"260d03ac6adac18eb1dc48d44727ebcb46ee9a91"}
,"D:\\awesome\\@ntbl\\utils\\toPairs.js": {"path":"D:\\awesome\\@ntbl\\utils\\toPairs.js","statementMap":{"0":{"start":{"line":15,"column":22},"end":{"line":15,"column":46}}},"fnMap":{"0":{"name":"(anonymous_0)","decl":{"start":{"line":15,"column":15},"end":{"line":15,"column":16}},"loc":{"start":{"line":15,"column":22},"end":{"line":15,"column":46}},"line":15}},"branchMap":{},"s":{"0":1},"f":{"0":1},"b":{},"_coverageSchema":"43e27e138ebf9cfc5966b082cf9a028302ed4184","hash":"f5a216ebc7a09259ca6050bf9e048a2fbe597c78"}
,"D:\\awesome\\@ntbl\\utils\\union.js": {"path":"D:\\awesome\\@ntbl\\utils\\union.js","statementMap":{"0":{"start":{"line":17,"column":30},"end":{"line":17,"column":64}}},"fnMap":{"0":{"name":"(anonymous_0)","decl":{"start":{"line":17,"column":15},"end":{"line":17,"column":16}},"loc":{"start":{"line":17,"column":30},"end":{"line":17,"column":64}},"line":17}},"branchMap":{},"s":{"0":2},"f":{"0":2},"b":{},"_coverageSchema":"43e27e138ebf9cfc5966b082cf9a028302ed4184","hash":"5d119d13971f879317ae1743952e8750e874993e"}
,"D:\\awesome\\@ntbl\\utils\\uuid.js": {"path":"D:\\awesome\\@ntbl\\utils\\uuid.js","statementMap":{"0":{"start":{"line":12,"column":16},"end":{"line":12,"column":90}},"1":{"start":{"line":13,"column":15},"end":{"line":13,"column":17}},"2":{"start":{"line":14,"column":2},"end":{"line":14,"column":31}},"3":{"start":{"line":16,"column":2},"end":{"line":29,"column":3}},"4":{"start":{"line":17,"column":3},"end":{"line":17,"column":75}},"5":{"start":{"line":17,"column":16},"end":{"line":17,"column":17}},"6":{"start":{"line":17,"column":33},"end":{"line":17,"column":75}},"7":{"start":{"line":20,"column":3},"end":{"line":20,"column":49}},"8":{"start":{"line":21,"column":3},"end":{"line":21,"column":17}},"9":{"start":{"line":23,"column":3},"end":{"line":28,"column":4}},"10":{"start":{"line":23,"column":16},"end":{"line":23,"column":17}},"11":{"start":{"line":24,"column":4},"end":{"line":27,"column":5}},"12":{"start":{"line":25,"column":5},"end":{"line":25,"column":31}},"13":{"start":{"line":26,"column":5},"end":{"line":26,"column":53}},"14":{"start":{"line":31,"column":2},"end":{"line":31,"column":22}}},"fnMap":{"0":{"name":"uuid","decl":{"start":{"line":11,"column":9},"end":{"line":11,"column":13}},"loc":{"start":{"line":11,"column":26},"end":{"line":32,"column":1}},"line":11}},"branchMap":{"0":{"loc":{"start":{"line":14,"column":10},"end":{"line":14,"column":31}},"type":"binary-expr","locations":[{"start":{"line":14,"column":10},"end":{"line":14,"column":15}},{"start":{"line":14,"column":19},"end":{"line":14,"column":31}}],"line":14},"1":{"loc":{"start":{"line":16,"column":2},"end":{"line":29,"column":3}},"type":"if","locations":[{"start":{"line":16,"column":2},"end":{"line":29,"column":3}},{"start":{"line":16,"column":2},"end":{"line":29,"column":3}}],"line":16},"2":{"loc":{"start":{"line":24,"column":4},"end":{"line":27,"column":5}},"type":"if","locations":[{"start":{"line":24,"column":4},"end":{"line":27,"column":5}},{"start":{"line":24,"column":4},"end":{"line":27,"column":5}}],"line":24},"3":{"loc":{"start":{"line":26,"column":21},"end":{"line":26,"column":52}},"type":"cond-expr","locations":[{"start":{"line":26,"column":33},"end":{"line":26,"column":48}},{"start":{"line":26,"column":51},"end":{"line":26,"column":52}}],"line":26}},"s":{"0":0,"1":0,"2":0,"3":0,"4":0,"5":0,"6":0,"7":0,"8":0,"9":0,"10":0,"11":0,"12":0,"13":0,"14":0},"f":{"0":0},"b":{"0":[0,0],"1":[0,0],"2":[0,0],"3":[0,0]},"_coverageSchema":"43e27e138ebf9cfc5966b082cf9a028302ed4184","hash":"dc3fab8d16d98c6d13f837f6a2b29626462e92a1"}
}
