TN:
SF:D:\awesome\@ntbl\utils\addMethod.js
FN:31,(anonymous_0)
FN:33,(anonymous_1)
FNF:2
FNH:2
FNDA:2,(anonymous_0)
FNDA:5,(anonymous_1)
DA:32,2
DA:33,2
DA:34,5
LF:3
LH:3
BRDA:34,0,0,2
BRDA:34,0,1,3
BRDA:35,1,0,2
BRDA:35,1,1,1
BRF:4
BRH:4
end_of_record
TN:
SF:D:\awesome\@ntbl\utils\agent.js
FN:11,(anonymous_0)
FN:13,(anonymous_1)
FN:20,(anonymous_2)
FN:24,(anonymous_3)
FNF:4
FNH:4
FNDA:2,(anonymous_0)
FNDA:6,(anonymous_1)
FNDA:5,(anonymous_2)
FNDA:3,(anonymous_3)
DA:12,2
DA:13,2
DA:14,6
DA:15,5
DA:16,5
DA:17,3
DA:19,5
DA:21,5
DA:25,3
LF:9
LH:9
BRDA:12,0,0,1
BRDA:12,0,1,1
BRDA:14,1,0,5
BRDA:14,1,1,1
BRDA:16,2,0,3
BRDA:16,2,1,2
BRF:6
BRH:6
end_of_record
TN:
SF:D:\awesome\@ntbl\utils\arrays.js
FNF:0
FNH:0
LF:0
LH:0
BRF:0
BRH:0
end_of_record
TN:
SF:D:\awesome\@ntbl\utils\camelCase.js
FN:10,camelCase
FN:11,(anonymous_1)
FNF:2
FNH:2
FNDA:6,camelCase
FNDA:5,(anonymous_1)
DA:1,1
DA:11,6
LF:2
LH:2
BRF:0
BRH:0
end_of_record
TN:
SF:D:\awesome\@ntbl\utils\chunk.js
FN:14,(anonymous_0)
FNF:1
FNH:1
FNDA:2,(anonymous_0)
DA:15,2
DA:16,2
DA:18,1
DA:19,1
DA:20,1
DA:21,2
DA:24,1
LF:7
LH:7
BRDA:15,0,0,1
BRDA:15,0,1,1
BRDA:16,1,0,1
BRDA:16,1,1,1
BRDA:16,2,0,2
BRDA:16,2,1,1
BRF:6
BRH:6
end_of_record
TN:
SF:D:\awesome\@ntbl\utils\combine.js
FN:11,(anonymous_0)
FNF:1
FNH:1
FNDA:4,(anonymous_0)
DA:11,4
LF:1
LH:1
BRF:0
BRH:0
end_of_record
TN:
SF:D:\awesome\@ntbl\utils\compact.js
FN:11,(anonymous_0)
FNF:1
FNH:1
FNDA:1,(anonymous_0)
DA:11,1
LF:1
LH:1
BRF:0
BRH:0
end_of_record
TN:
SF:D:\awesome\@ntbl\utils\compose.js
FN:12,(anonymous_0)
FN:12,(anonymous_1)
FN:12,(anonymous_2)
FNF:3
FNH:3
FNDA:1,(anonymous_0)
FNDA:1,(anonymous_1)
FNDA:2,(anonymous_2)
DA:12,2
LF:1
LH:1
BRF:0
BRH:0
end_of_record
TN:
SF:D:\awesome\@ntbl\utils\curry.js
FN:13,(anonymous_0)
FN:15,(anonymous_1)
FN:16,(anonymous_2)
FNF:3
FNH:3
FNDA:3,(anonymous_0)
FNDA:6,(anonymous_1)
FNDA:3,(anonymous_2)
DA:14,3
DA:15,3
DA:16,6
DA:17,3
LF:4
LH:4
BRDA:16,0,0,3
BRDA:16,0,1,3
BRF:2
BRH:2
end_of_record
TN:
SF:D:\awesome\@ntbl\utils\defaults.js
FN:13,(anonymous_0)
FNF:1
FNH:1
FNDA:1,(anonymous_0)
DA:14,1
DA:15,2
DA:16,1
DA:19,1
LF:4
LH:4
BRDA:15,0,0,1
BRDA:15,0,1,1
BRDA:15,1,0,2
BRDA:15,1,1,1
BRF:4
BRH:4
end_of_record
TN:
SF:D:\awesome\@ntbl\utils\difference.js
FN:18,(anonymous_0)
FN:18,(anonymous_1)
FN:18,(anonymous_2)
FNF:3
FNH:3
FNDA:1,(anonymous_0)
FNDA:3,(anonymous_1)
FNDA:6,(anonymous_2)
DA:18,6
LF:1
LH:1
BRF:0
BRH:0
end_of_record
TN:
SF:D:\awesome\@ntbl\utils\functions.js
FNF:0
FNH:0
LF:0
LH:0
BRF:0
BRH:0
end_of_record
TN:
SF:D:\awesome\@ntbl\utils\intersection.js
FN:17,(anonymous_0)
FN:17,(anonymous_1)
FN:17,(anonymous_2)
FN:17,(anonymous_3)
FNF:4
FNH:4
FNDA:1,(anonymous_0)
FNDA:4,(anonymous_1)
FNDA:7,(anonymous_2)
FNDA:15,(anonymous_3)
DA:17,15
LF:1
LH:1
BRF:0
BRH:0
end_of_record
TN:
SF:D:\awesome\@ntbl\utils\objects.js
FNF:0
FNH:0
LF:0
LH:0
BRF:0
BRH:0
end_of_record
TN:
SF:D:\awesome\@ntbl\utils\only.js
FN:15,(anonymous_0)
FN:17,(anonymous_1)
FNF:2
FNH:2
FNDA:2,(anonymous_0)
FNDA:5,(anonymous_1)
DA:16,2
DA:17,2
DA:18,5
DA:19,4
DA:20,4
LF:5
LH:5
BRDA:16,0,0,1
BRDA:16,0,1,1
BRDA:18,1,0,1
BRDA:18,1,1,4
BRF:4
BRH:4
end_of_record
TN:
SF:D:\awesome\@ntbl\utils\pull.js
FN:16,(anonymous_0)
FN:16,(anonymous_1)
FNF:2
FNH:2
FNDA:1,(anonymous_0)
FNDA:4,(anonymous_1)
DA:16,4
LF:1
LH:1
BRF:0
BRH:0
end_of_record
TN:
SF:D:\awesome\@ntbl\utils\pullAt.js
FN:16,(anonymous_0)
FN:16,(anonymous_1)
FNF:2
FNH:2
FNDA:1,(anonymous_0)
FNDA:3,(anonymous_1)
DA:16,3
LF:1
LH:1
BRF:0
BRH:0
end_of_record
TN:
SF:D:\awesome\@ntbl\utils\strings.js
FNF:0
FNH:0
LF:0
LH:0
BRF:0
BRH:0
end_of_record
TN:
SF:D:\awesome\@ntbl\utils\tailSpain.js
FN:25,(anonymous_0)
FN:30,(anonymous_1)
FN:31,(anonymous_2)
FNF:3
FNH:3
FNDA:5,(anonymous_0)
FNDA:15,(anonymous_1)
FNDA:15,(anonymous_2)
DA:26,5
DA:27,5
DA:28,4
DA:29,4
DA:30,15
DA:31,15
DA:33,2
DA:37,1
LF:8
LH:8
BRDA:27,0,0,4
BRDA:27,0,1,1
BRDA:29,1,0,4
BRDA:29,1,1,1
BRDA:30,2,0,13
BRDA:30,2,1,2
BRF:6
BRH:6
end_of_record
TN:
SF:D:\awesome\@ntbl\utils\toPairs.js
FN:15,(anonymous_0)
FNF:1
FNH:1
FNDA:1,(anonymous_0)
DA:15,1
LF:1
LH:1
BRF:0
BRH:0
end_of_record
TN:
SF:D:\awesome\@ntbl\utils\union.js
FN:17,(anonymous_0)
FNF:1
FNH:1
FNDA:2,(anonymous_0)
DA:17,2
LF:1
LH:1
BRF:0
BRH:0
end_of_record
TN:
SF:D:\awesome\@ntbl\utils\uuid.js
FN:11,uuid
FNF:1
FNH:0
FNDA:0,uuid
DA:12,0
DA:13,0
DA:14,0
DA:16,0
DA:17,0
DA:20,0
DA:21,0
DA:23,0
DA:24,0
DA:25,0
DA:26,0
DA:31,0
LF:12
LH:0
BRDA:14,0,0,0
BRDA:14,0,1,0
BRDA:16,1,0,0
BRDA:16,1,1,0
BRDA:24,2,0,0
BRDA:24,2,1,0
BRDA:26,3,0,0
BRDA:26,3,1,0
BRF:8
BRH:0
end_of_record
